0 info it worked if it ends with ok
1 verbose cli [ '/usr/local/bin/node',
1 verbose cli   '/usr/local/bin/npm',
1 verbose cli   'test',
1 verbose cli   '-g',
1 verbose cli   'zip' ]
2 info using npm@1.4.28
3 info using node@v0.10.35
4 error Error: ENOENT, open '/usr/local/lib/node_modules/zip/package.json'
5 error If you need help, you may report this *entire* log,
5 error including the npm and node versions, at:
5 error     <http://github.com/npm/npm/issues>
6 error System Darwin 14.3.0
7 error command "/usr/local/bin/node" "/usr/local/bin/npm" "test" "-g" "zip"
8 error cwd /Users/jwilm/code/devkit-native/ref/bundle-service
9 error node -v v0.10.35
10 error npm -v 1.4.28
11 error path /usr/local/lib/node_modules/zip/package.json
12 error code ENOENT
13 error errno 34
14 verbose exit [ 34, true ]
